{"timestamp": "2025-06-13T10:01:49.589922", "level": "INFO", "logger": "__main__", "message": "Setting up database at: ./data/vehicle_import_analyzer.db", "module": "logger", "function": "_log", "line": 180, "process_id": 8384, "thread_id": 12520}
{"timestamp": "2025-06-13T10:01:49.590924", "level": "INFO", "logger": "__main__", "message": "Created database directory: ./data", "module": "logger", "function": "_log", "line": 180, "process_id": 8384, "thread_id": 12520}
{"timestamp": "2025-06-13T10:01:49.659270", "level": "INFO", "logger": "src.database.models", "message": "Database tables created successfully", "module": "logger", "function": "_log", "line": 180, "process_id": 8384, "thread_id": 12520}
{"timestamp": "2025-06-13T10:01:49.660929", "level": "INFO", "logger": "__main__", "message": "Database setup completed successfully!", "module": "logger", "function": "_log", "line": 180, "process_id": 8384, "thread_id": 12520}
{"timestamp": "2025-06-13T10:23:05.050927", "level": "INFO", "logger": "__main__", "message": "Setting up database at: ./data/vehicle_import_analyzer.db", "module": "logger", "function": "_log", "line": 180, "process_id": 15612, "thread_id": 1956}
{"timestamp": "2025-06-13T10:23:05.056776", "level": "INFO", "logger": "src.database.models", "message": "Database tables created successfully", "module": "logger", "function": "_log", "line": 180, "process_id": 15612, "thread_id": 1956}
{"timestamp": "2025-06-13T10:23:05.057777", "level": "INFO", "logger": "__main__", "message": "Database setup completed successfully!", "module": "logger", "function": "_log", "line": 180, "process_id": 15612, "thread_id": 1956}
{"timestamp": "2025-06-13T10:23:23.487186", "level": "INFO", "logger": "data_processing.scoring_engine", "message": "ML model initialized successfully", "module": "logger", "function": "_log", "line": 180, "process_id": 11176, "thread_id": 13948}
{"timestamp": "2025-06-13T10:23:23.556646", "level": "INFO", "logger": "data_processing.scoring_engine", "message": "ML model initialized successfully", "module": "logger", "function": "_log", "line": 180, "process_id": 11176, "thread_id": 13948}
{"timestamp": "2025-06-13T10:23:32.478737", "level": "INFO", "logger": "database.connection", "message": "Connected to database: ./data/vehicle_import_analyzer.db", "module": "logger", "function": "_log", "line": 180, "process_id": 11176, "thread_id": 17392}
{"timestamp": "2025-06-13T10:23:32.480746", "level": "INFO", "logger": "database.connection", "message": "Connected to database: ./data/vehicle_import_analyzer.db", "module": "logger", "function": "_log", "line": 180, "process_id": 11176, "thread_id": 3012}
{"timestamp": "2025-06-13T10:24:29.787367", "level": "INFO", "logger": "data_processing.scoring_engine", "message": "ML model initialized successfully", "module": "logger", "function": "_log", "line": 180, "process_id": 3684, "thread_id": 8776}
{"timestamp": "2025-06-13T10:24:29.851706", "level": "INFO", "logger": "data_processing.scoring_engine", "message": "ML model initialized successfully", "module": "logger", "function": "_log", "line": 180, "process_id": 3684, "thread_id": 8776}
{"timestamp": "2025-06-13T10:24:34.075222", "level": "INFO", "logger": "database.connection", "message": "Connected to database: ./data/vehicle_import_analyzer.db", "module": "logger", "function": "_log", "line": 180, "process_id": 3684, "thread_id": 10916}
{"timestamp": "2025-06-13T10:24:34.075222", "level": "INFO", "logger": "database.connection", "message": "Connected to database: ./data/vehicle_import_analyzer.db", "module": "logger", "function": "_log", "line": 180, "process_id": 3684, "thread_id": 17204}
{"timestamp": "2025-06-13T10:24:34.075222", "level": "INFO", "logger": "database.connection", "message": "Connected to database: ./data/vehicle_import_analyzer.db", "module": "logger", "function": "_log", "line": 180, "process_id": 3684, "thread_id": 3892}
{"timestamp": "2025-06-13T10:24:53.358078", "level": "INFO", "logger": "data_processing.scoring_engine", "message": "ML model initialized successfully", "module": "logger", "function": "_log", "line": 180, "process_id": 11736, "thread_id": 15276}
{"timestamp": "2025-06-13T10:24:53.422230", "level": "INFO", "logger": "data_processing.scoring_engine", "message": "ML model initialized successfully", "module": "logger", "function": "_log", "line": 180, "process_id": 11736, "thread_id": 15276}
{"timestamp": "2025-06-13T10:24:57.746543", "level": "INFO", "logger": "database.connection", "message": "Connected to database: ./data/vehicle_import_analyzer.db", "module": "logger", "function": "_log", "line": 180, "process_id": 11736, "thread_id": 10276}
{"timestamp": "2025-06-13T10:24:57.746543", "level": "INFO", "logger": "database.connection", "message": "Connected to database: ./data/vehicle_import_analyzer.db", "module": "logger", "function": "_log", "line": 180, "process_id": 11736, "thread_id": 17636}
{"timestamp": "2025-06-13T10:24:57.748550", "level": "INFO", "logger": "database.connection", "message": "Connected to database: ./data/vehicle_import_analyzer.db", "module": "logger", "function": "_log", "line": 180, "process_id": 11736, "thread_id": 14180}
{"timestamp": "2025-06-13T10:25:29.510910", "level": "INFO", "logger": "data_processing.scoring_engine", "message": "ML model initialized successfully", "module": "logger", "function": "_log", "line": 180, "process_id": 18248, "thread_id": 6980}
{"timestamp": "2025-06-13T10:25:29.577845", "level": "INFO", "logger": "data_processing.scoring_engine", "message": "ML model initialized successfully", "module": "logger", "function": "_log", "line": 180, "process_id": 18248, "thread_id": 6980}
{"timestamp": "2025-06-13T10:25:34.350658", "level": "INFO", "logger": "database.connection", "message": "Connected to database: ./data/vehicle_import_analyzer.db", "module": "logger", "function": "_log", "line": 180, "process_id": 18248, "thread_id": 8964}
{"timestamp": "2025-06-13T10:25:34.350658", "level": "INFO", "logger": "database.connection", "message": "Connected to database: ./data/vehicle_import_analyzer.db", "module": "logger", "function": "_log", "line": 180, "process_id": 18248, "thread_id": 13736}
{"timestamp": "2025-06-13T10:25:34.350658", "level": "INFO", "logger": "database.connection", "message": "Connected to database: ./data/vehicle_import_analyzer.db", "module": "logger", "function": "_log", "line": 180, "process_id": 18248, "thread_id": 17492}
{"timestamp": "2025-06-13T16:15:02.776875", "level": "INFO", "logger": "data_processing.scoring_engine", "message": "ML model initialized successfully", "module": "logger", "function": "_log", "line": 180, "process_id": 22128, "thread_id": 21912}
{"timestamp": "2025-06-13T16:15:02.836504", "level": "INFO", "logger": "data_processing.scoring_engine", "message": "ML model initialized successfully", "module": "logger", "function": "_log", "line": 180, "process_id": 22128, "thread_id": 21912}
{"timestamp": "2025-06-13T16:15:08.279619", "level": "INFO", "logger": "database.connection", "message": "Connected to database: ./data/vehicle_import_analyzer.db", "module": "logger", "function": "_log", "line": 180, "process_id": 22128, "thread_id": 22804}
{"timestamp": "2025-06-13T16:15:08.279619", "level": "INFO", "logger": "database.connection", "message": "Connected to database: ./data/vehicle_import_analyzer.db", "module": "logger", "function": "_log", "line": 180, "process_id": 22128, "thread_id": 22816}
{"timestamp": "2025-06-13T16:15:08.279619", "level": "INFO", "logger": "database.connection", "message": "Connected to database: ./data/vehicle_import_analyzer.db", "module": "logger", "function": "_log", "line": 180, "process_id": 22128, "thread_id": 22624}
